<html>
<head>
<title>TestNG:  Test</title>
<link href="../testng.css" rel="stylesheet" type="text/css" />
<link href="../my-testng.css" rel="stylesheet" type="text/css" />

<style type="text/css">
.log { display: none;} 
.stack-trace { display: none;} 
</style>
<script type="text/javascript">
<!--
function flip(e) {
  current = e.style.display;
  if (current == 'block') {
    e.style.display = 'none';
    return 0;
  }
  else {
    e.style.display = 'block';
    return 1;
  }
}

function toggleBox(szDivId, elem, msg1, msg2)
{
  var res = -1;  if (document.getElementById) {
    res = flip(document.getElementById(szDivId));
  }
  else if (document.all) {
    // this is the way old msie versions work
    res = flip(document.all[szDivId]);
  }
  if(elem) {
    if(res == 0) elem.innerHTML = msg1; else elem.innerHTML = msg2;
  }

}

function toggleAllBoxes() {
  if (document.getElementsByTagName) {
    d = document.getElementsByTagName('div');
    for (i = 0; i < d.length; i++) {
      if (d[i].className == 'log') {
        flip(d[i]);
      }
    }
  }
}

// -->
</script>

</head>
<body>
<h2 align='center'>Test</h2><table border='1' align="center">
<tr>
<td>Tests passed/Failed/Skipped:</td><td>17/2/4</td>
</tr><tr>
<td>Started on:</td><td>Thu Apr 18 07:17:48 IST 2024</td>
</tr>
<tr><td>Total time:</td><td>19 seconds (19135 ms)</td>
</tr><tr>
<td>Included groups:</td><td></td>
</tr><tr>
<td>Excluded groups:</td><td></td>
</tr>
</table><p/>
<small><i>(Hover the method name to see the test class name)</i></small><p/>
<table width='100%' border='1' class='invocation-failed'>
<tr><td colspan='4' align='center'><b>FAILED TESTS</b></td></tr>
<tr><td><b>Test method</b></td>
<td><b>Attribute(s)</b></td>
<td width="30%"><b>Exception</b></td>
<td width="10%"><b>Time (seconds)</b></td>
<td><b>Instance</b></td>
</tr>
<tr>
<td title='testngdemo.Example6.signUp()'><b>signUp</b><br>Test class: testngdemo.Example6</td>
<td><div><pre>java.lang.ArithmeticException: / by zero
	at testngdemo.Example6.signUp(Example6.java:9)
	at java.base/java.util.ArrayList.forEach(ArrayList.java:1511)
... Removed 27 stack frames</pre></div><a href='#' onClick='toggleBox("stack-trace181326224", this, "Click to show all stack frames", "Click to hide stack frames")'>Click to show all stack frames</a>
<div class='stack-trace' id='stack-trace181326224'><pre>java.lang.ArithmeticException: / by zero
	at testngdemo.Example6.signUp(Example6.java:9)
	at java.base/jdk.internal.reflect.NativeMethodAccessorImpl.invoke0(Native Method)
	at java.base/jdk.internal.reflect.NativeMethodAccessorImpl.invoke(NativeMethodAccessorImpl.java:77)
	at java.base/jdk.internal.reflect.DelegatingMethodAccessorImpl.invoke(DelegatingMethodAccessorImpl.java:43)
	at java.base/java.lang.reflect.Method.invoke(Method.java:568)
	at org.testng.internal.invokers.MethodInvocationHelper.invokeMethod(MethodInvocationHelper.java:139)
	at org.testng.internal.invokers.TestInvoker.invokeMethod(TestInvoker.java:677)
	at org.testng.internal.invokers.TestInvoker.invokeTestMethod(TestInvoker.java:221)
	at org.testng.internal.invokers.MethodRunner.runInSequence(MethodRunner.java:50)
	at org.testng.internal.invokers.TestInvoker$MethodInvocationAgent.invoke(TestInvoker.java:969)
	at org.testng.internal.invokers.TestInvoker.invokeTestMethods(TestInvoker.java:194)
	at org.testng.internal.invokers.TestMethodWorker.invokeTestMethods(TestMethodWorker.java:148)
	at org.testng.internal.invokers.TestMethodWorker.run(TestMethodWorker.java:128)
	at java.base/java.util.ArrayList.forEach(ArrayList.java:1511)
	at org.testng.TestRunner.privateRun(TestRunner.java:829)
	at org.testng.TestRunner.run(TestRunner.java:602)
	at org.testng.SuiteRunner.runTest(SuiteRunner.java:437)
	at org.testng.SuiteRunner.runSequentially(SuiteRunner.java:431)
	at org.testng.SuiteRunner.privateRun(SuiteRunner.java:391)
	at org.testng.SuiteRunner.run(SuiteRunner.java:330)
	at org.testng.SuiteRunnerWorker.runSuite(SuiteRunnerWorker.java:52)
	at org.testng.SuiteRunnerWorker.run(SuiteRunnerWorker.java:95)
	at org.testng.TestNG.runSuitesSequentially(TestNG.java:1256)
	at org.testng.TestNG.runSuitesLocally(TestNG.java:1176)
	at org.testng.TestNG.runSuites(TestNG.java:1099)
	at org.testng.TestNG.run(TestNG.java:1067)
	at org.testng.remote.AbstractRemoteTestNG.run(AbstractRemoteTestNG.java:115)
	at org.testng.remote.RemoteTestNG.initAndRun(RemoteTestNG.java:293)
	at org.testng.remote.RemoteTestNG.main(RemoteTestNG.java:91)
</pre></div></td>
<td>0</td>
<td>testngdemo.Example6@242b836</td></tr>
<tr>
<td title='testngdemo.Example4.testCase2()'><b>testCase2</b><br>Test class: testngdemo.Example4</td>
<td><div><pre>org.testng.internal.thread.ThreadTimeoutException: Method testngdemo.Example4.testCase2() didn&apos;t finish within the time-out 2000
	at java.base@17.0.6/java.lang.Thread.sleep(Native Method)
	at app//testngdemo.Example4.testCase2(Example4.java:17)
	at java.base@17.0.6/java.util.concurrent.FutureTask.run(FutureTask.java:264)
	at java.base@17.0.6/java.util.concurrent.ThreadPoolExecutor.runWorker(ThreadPoolExecutor.java:1136)
	at java.base@17.0.6/java.util.concurrent.ThreadPoolExecutor$Worker.run(ThreadPoolExecutor.java:635)
	at java.base@17.0.6/java.lang.Thread.run(Thread.java:833)
... Removed 8 stack frames</pre></div><a href='#' onClick='toggleBox("stack-trace479920916", this, "Click to show all stack frames", "Click to hide stack frames")'>Click to show all stack frames</a>
<div class='stack-trace' id='stack-trace479920916'><pre>org.testng.internal.thread.ThreadTimeoutException: Method testngdemo.Example4.testCase2() didn&apos;t finish within the time-out 2000
	at java.base@17.0.6/java.lang.Thread.sleep(Native Method)
	at app//testngdemo.Example4.testCase2(Example4.java:17)
	at java.base@17.0.6/jdk.internal.reflect.NativeMethodAccessorImpl.invoke0(Native Method)
	at java.base@17.0.6/jdk.internal.reflect.NativeMethodAccessorImpl.invoke(NativeMethodAccessorImpl.java:77)
	at java.base@17.0.6/jdk.internal.reflect.DelegatingMethodAccessorImpl.invoke(DelegatingMethodAccessorImpl.java:43)
	at java.base@17.0.6/java.lang.reflect.Method.invoke(Method.java:568)
	at app//org.testng.internal.invokers.MethodInvocationHelper.invokeMethod(MethodInvocationHelper.java:139)
	at app//org.testng.internal.invokers.InvokeMethodRunnable.runOne(InvokeMethodRunnable.java:47)
	at app//org.testng.internal.invokers.InvokeMethodRunnable.call(InvokeMethodRunnable.java:76)
	at app//org.testng.internal.invokers.InvokeMethodRunnable.call(InvokeMethodRunnable.java:11)
	at java.base@17.0.6/java.util.concurrent.FutureTask.run(FutureTask.java:264)
	at java.base@17.0.6/java.util.concurrent.ThreadPoolExecutor.runWorker(ThreadPoolExecutor.java:1136)
	at java.base@17.0.6/java.util.concurrent.ThreadPoolExecutor$Worker.run(ThreadPoolExecutor.java:635)
	at java.base@17.0.6/java.lang.Thread.run(Thread.java:833)
</pre></div></td>
<td>2</td>
<td>testngdemo.Example4@2dc54ad4</td></tr>
</table><p>
<table width='100%' border='1' class='invocation-passed'>
<tr><td colspan='4' align='center'><b>PASSED TESTS</b></td></tr>
<tr><td><b>Test method</b></td>
<td><b>Attribute(s)</b></td>
<td width="30%"><b>Exception</b></td>
<td width="10%"><b>Time (seconds)</b></td>
<td><b>Instance</b></td>
</tr>
<tr>
<td title='testngdemo.Example2.testcase4()'><b>testcase4</b><br>Test class: testngdemo.Example2</td>
<td></td>
<td>0</td>
<td>testngdemo.Example2@3527942a</td></tr>
<tr>
<td title='testngdemo.Example3.testcase4()'><b>testcase4</b><br>Test class: testngdemo.Example3</td>
<td></td>
<td>0</td>
<td>testngdemo.Example3@942a29c</td></tr>
<tr>
<td title='testngdemo.OrangeHrmPIM.testOrangeHrmLogin_NegativeFlow()'><b>testOrangeHrmLogin_NegativeFlow</b><br>Test class: testngdemo.OrangeHrmPIM</td>
<td></td>
<td>9</td>
<td>testngdemo.OrangeHrmPIM@73e9cf30</td></tr>
<tr>
<td title='testngdemo.OrangeHrmPIM.testOrangeHrmLogin_PositiveFlow()'><b>testOrangeHrmLogin_PositiveFlow</b><br>Test class: testngdemo.OrangeHrmPIM</td>
<td></td>
<td>6</td>
<td>testngdemo.OrangeHrmPIM@73e9cf30</td></tr>
<tr>
<td title='testngdemo.Example4.testCase1()'><b>testCase1</b><br>Test class: testngdemo.Example4</td>
<td></td>
<td>0</td>
<td>testngdemo.Example4@2dc54ad4</td></tr>
<tr>
<td title='testngdemo.Example4.testCase4()'><b>testCase4</b><br>Test class: testngdemo.Example4</td>
<td></td>
<td>1</td>
<td>testngdemo.Example4@2dc54ad4</td></tr>
<tr>
<td title='testngdemo.Example1.testcase1()'><b>testcase1</b><br>Test class: testngdemo.Example1</td>
<td></td>
<td>0</td>
<td>testngdemo.Example1@3f6f6701</td></tr>
<tr>
<td title='testngdemo.Example4.testCase1()'><b>testCase1</b><br>Test class: testngdemo.Example4</td>
<td></td>
<td>0</td>
<td>testngdemo.Example4@2dc54ad4</td></tr>
<tr>
<td title='testngdemo.Example4.testCase1()'><b>testCase1</b><br>Test class: testngdemo.Example4</td>
<td></td>
<td>0</td>
<td>testngdemo.Example4@2dc54ad4</td></tr>
<tr>
<td title='testngdemo.Example3.testcase2()'><b>testcase2</b><br>Test class: testngdemo.Example3</td>
<td></td>
<td>0</td>
<td>testngdemo.Example3@942a29c</td></tr>
<tr>
<td title='testngdemo.Example3.testcase1()'><b>testcase1</b><br>Test class: testngdemo.Example3</td>
<td></td>
<td>0</td>
<td>testngdemo.Example3@942a29c</td></tr>
<tr>
<td title='testngdemo.Example4.testCase1()'><b>testCase1</b><br>Test class: testngdemo.Example4</td>
<td></td>
<td>0</td>
<td>testngdemo.Example4@2dc54ad4</td></tr>
<tr>
<td title='testngdemo.Example2.testcase3()'><b>testcase3</b><br>Test class: testngdemo.Example2</td>
<td></td>
<td>0</td>
<td>testngdemo.Example2@3527942a</td></tr>
<tr>
<td title='testngdemo.Example2.testcase2()'><b>testcase2</b><br>Test class: testngdemo.Example2</td>
<td></td>
<td>0</td>
<td>testngdemo.Example2@3527942a</td></tr>
<tr>
<td title='testngdemo.Example4.testCase1()'><b>testCase1</b><br>Test class: testngdemo.Example4</td>
<td></td>
<td>0</td>
<td>testngdemo.Example4@2dc54ad4</td></tr>
<tr>
<td title='testngdemo.Example5.testCase1()'><b>testCase1</b><br>Test class: testngdemo.Example5<br>Test method: this method might get impacted due to exception</td>
<td><div><pre>java.lang.ArithmeticException: / by zero
	at testngdemo.Example5.testCase1(Example5.java:9)
	at java.base/java.util.ArrayList.forEach(ArrayList.java:1511)
... Removed 27 stack frames</pre></div><a href='#' onClick='toggleBox("stack-trace1880078449", this, "Click to show all stack frames", "Click to hide stack frames")'>Click to show all stack frames</a>
<div class='stack-trace' id='stack-trace1880078449'><pre>java.lang.ArithmeticException: / by zero
	at testngdemo.Example5.testCase1(Example5.java:9)
	at java.base/jdk.internal.reflect.NativeMethodAccessorImpl.invoke0(Native Method)
	at java.base/jdk.internal.reflect.NativeMethodAccessorImpl.invoke(NativeMethodAccessorImpl.java:77)
	at java.base/jdk.internal.reflect.DelegatingMethodAccessorImpl.invoke(DelegatingMethodAccessorImpl.java:43)
	at java.base/java.lang.reflect.Method.invoke(Method.java:568)
	at org.testng.internal.invokers.MethodInvocationHelper.invokeMethod(MethodInvocationHelper.java:139)
	at org.testng.internal.invokers.TestInvoker.invokeMethod(TestInvoker.java:677)
	at org.testng.internal.invokers.TestInvoker.invokeTestMethod(TestInvoker.java:221)
	at org.testng.internal.invokers.MethodRunner.runInSequence(MethodRunner.java:50)
	at org.testng.internal.invokers.TestInvoker$MethodInvocationAgent.invoke(TestInvoker.java:969)
	at org.testng.internal.invokers.TestInvoker.invokeTestMethods(TestInvoker.java:194)
	at org.testng.internal.invokers.TestMethodWorker.invokeTestMethods(TestMethodWorker.java:148)
	at org.testng.internal.invokers.TestMethodWorker.run(TestMethodWorker.java:128)
	at java.base/java.util.ArrayList.forEach(ArrayList.java:1511)
	at org.testng.TestRunner.privateRun(TestRunner.java:829)
	at org.testng.TestRunner.run(TestRunner.java:602)
	at org.testng.SuiteRunner.runTest(SuiteRunner.java:437)
	at org.testng.SuiteRunner.runSequentially(SuiteRunner.java:431)
	at org.testng.SuiteRunner.privateRun(SuiteRunner.java:391)
	at org.testng.SuiteRunner.run(SuiteRunner.java:330)
	at org.testng.SuiteRunnerWorker.runSuite(SuiteRunnerWorker.java:52)
	at org.testng.SuiteRunnerWorker.run(SuiteRunnerWorker.java:95)
	at org.testng.TestNG.runSuitesSequentially(TestNG.java:1256)
	at org.testng.TestNG.runSuitesLocally(TestNG.java:1176)
	at org.testng.TestNG.runSuites(TestNG.java:1099)
	at org.testng.TestNG.run(TestNG.java:1067)
	at org.testng.remote.AbstractRemoteTestNG.run(AbstractRemoteTestNG.java:115)
	at org.testng.remote.RemoteTestNG.initAndRun(RemoteTestNG.java:293)
	at org.testng.remote.RemoteTestNG.main(RemoteTestNG.java:91)
</pre></div></td>
<td>0</td>
<td>testngdemo.Example5@272113c4</td></tr>
<tr>
<td title='testngdemo.Example2.testcase1()'><b>testcase1</b><br>Test class: testngdemo.Example2</td>
<td></td>
<td>0</td>
<td>testngdemo.Example2@3527942a</td></tr>
</table><p>
<table width='100%' border='1' class='invocation-skipped'>
<tr><td colspan='4' align='center'><b>SKIPPED TESTS</b></td></tr>
<tr><td><b>Test method</b></td>
<td><b>Attribute(s)</b></td>
<td width="30%"><b>Exception</b></td>
<td width="10%"><b>Time (seconds)</b></td>
<td><b>Instance</b></td>
</tr>
<tr>
<td title='testngdemo.Example6.composeEmail()'><b>composeEmail</b><br>Test class: testngdemo.Example6</td>
<td><div><pre>java.lang.Throwable: Method testngdemo.Example6.composeEmail() on instance testngdemo.Example6@242b836 depends on not successfully finished methods 
[testngdemo.Example6.login() on instance testngdemo.Example6@242b836]
	at java.base/java.util.ArrayList.forEach(ArrayList.java:1511)
... Removed 18 stack frames</pre></div><a href='#' onClick='toggleBox("stack-trace691096777", this, "Click to show all stack frames", "Click to hide stack frames")'>Click to show all stack frames</a>
<div class='stack-trace' id='stack-trace691096777'><pre>java.lang.Throwable: Method testngdemo.Example6.composeEmail() on instance testngdemo.Example6@242b836 depends on not successfully finished methods 
[testngdemo.Example6.login() on instance testngdemo.Example6@242b836]
	at org.testng.internal.invokers.TestInvoker.invokeTestMethods(TestInvoker.java:150)
	at org.testng.internal.invokers.TestMethodWorker.invokeTestMethods(TestMethodWorker.java:148)
	at org.testng.internal.invokers.TestMethodWorker.run(TestMethodWorker.java:128)
	at java.base/java.util.ArrayList.forEach(ArrayList.java:1511)
	at org.testng.TestRunner.privateRun(TestRunner.java:829)
	at org.testng.TestRunner.run(TestRunner.java:602)
	at org.testng.SuiteRunner.runTest(SuiteRunner.java:437)
	at org.testng.SuiteRunner.runSequentially(SuiteRunner.java:431)
	at org.testng.SuiteRunner.privateRun(SuiteRunner.java:391)
	at org.testng.SuiteRunner.run(SuiteRunner.java:330)
	at org.testng.SuiteRunnerWorker.runSuite(SuiteRunnerWorker.java:52)
	at org.testng.SuiteRunnerWorker.run(SuiteRunnerWorker.java:95)
	at org.testng.TestNG.runSuitesSequentially(TestNG.java:1256)
	at org.testng.TestNG.runSuitesLocally(TestNG.java:1176)
	at org.testng.TestNG.runSuites(TestNG.java:1099)
	at org.testng.TestNG.run(TestNG.java:1067)
	at org.testng.remote.AbstractRemoteTestNG.run(AbstractRemoteTestNG.java:115)
	at org.testng.remote.RemoteTestNG.initAndRun(RemoteTestNG.java:293)
	at org.testng.remote.RemoteTestNG.main(RemoteTestNG.java:91)
</pre></div></td>
<td>0</td>
<td>testngdemo.Example6@242b836</td></tr>
<tr>
<td title='testngdemo.Example6.login()'><b>login</b><br>Test class: testngdemo.Example6</td>
<td><div><pre>java.lang.Throwable: Method testngdemo.Example6.login() on instance testngdemo.Example6@242b836 depends on not successfully finished methods 
[testngdemo.Example6.signUp() on instance testngdemo.Example6@242b836]
	at java.base/java.util.ArrayList.forEach(ArrayList.java:1511)
... Removed 18 stack frames</pre></div><a href='#' onClick='toggleBox("stack-trace761973299", this, "Click to show all stack frames", "Click to hide stack frames")'>Click to show all stack frames</a>
<div class='stack-trace' id='stack-trace761973299'><pre>java.lang.Throwable: Method testngdemo.Example6.login() on instance testngdemo.Example6@242b836 depends on not successfully finished methods 
[testngdemo.Example6.signUp() on instance testngdemo.Example6@242b836]
	at org.testng.internal.invokers.TestInvoker.invokeTestMethods(TestInvoker.java:150)
	at org.testng.internal.invokers.TestMethodWorker.invokeTestMethods(TestMethodWorker.java:148)
	at org.testng.internal.invokers.TestMethodWorker.run(TestMethodWorker.java:128)
	at java.base/java.util.ArrayList.forEach(ArrayList.java:1511)
	at org.testng.TestRunner.privateRun(TestRunner.java:829)
	at org.testng.TestRunner.run(TestRunner.java:602)
	at org.testng.SuiteRunner.runTest(SuiteRunner.java:437)
	at org.testng.SuiteRunner.runSequentially(SuiteRunner.java:431)
	at org.testng.SuiteRunner.privateRun(SuiteRunner.java:391)
	at org.testng.SuiteRunner.run(SuiteRunner.java:330)
	at org.testng.SuiteRunnerWorker.runSuite(SuiteRunnerWorker.java:52)
	at org.testng.SuiteRunnerWorker.run(SuiteRunnerWorker.java:95)
	at org.testng.TestNG.runSuitesSequentially(TestNG.java:1256)
	at org.testng.TestNG.runSuitesLocally(TestNG.java:1176)
	at org.testng.TestNG.runSuites(TestNG.java:1099)
	at org.testng.TestNG.run(TestNG.java:1067)
	at org.testng.remote.AbstractRemoteTestNG.run(AbstractRemoteTestNG.java:115)
	at org.testng.remote.RemoteTestNG.initAndRun(RemoteTestNG.java:293)
	at org.testng.remote.RemoteTestNG.main(RemoteTestNG.java:91)
</pre></div></td>
<td>0</td>
<td>testngdemo.Example6@242b836</td></tr>
<tr>
<td title='testngdemo.Example6.checkDraft()'><b>checkDraft</b><br>Test class: testngdemo.Example6</td>
<td><div><pre>java.lang.Throwable: Method testngdemo.Example6.checkDraft() on instance testngdemo.Example6@242b836 depends on not successfully finished methods 
[testngdemo.Example6.composeEmail() on instance testngdemo.Example6@242b836]
	at java.base/java.util.ArrayList.forEach(ArrayList.java:1511)
... Removed 18 stack frames</pre></div><a href='#' onClick='toggleBox("stack-trace905488851", this, "Click to show all stack frames", "Click to hide stack frames")'>Click to show all stack frames</a>
<div class='stack-trace' id='stack-trace905488851'><pre>java.lang.Throwable: Method testngdemo.Example6.checkDraft() on instance testngdemo.Example6@242b836 depends on not successfully finished methods 
[testngdemo.Example6.composeEmail() on instance testngdemo.Example6@242b836]
	at org.testng.internal.invokers.TestInvoker.invokeTestMethods(TestInvoker.java:150)
	at org.testng.internal.invokers.TestMethodWorker.invokeTestMethods(TestMethodWorker.java:148)
	at org.testng.internal.invokers.TestMethodWorker.run(TestMethodWorker.java:128)
	at java.base/java.util.ArrayList.forEach(ArrayList.java:1511)
	at org.testng.TestRunner.privateRun(TestRunner.java:829)
	at org.testng.TestRunner.run(TestRunner.java:602)
	at org.testng.SuiteRunner.runTest(SuiteRunner.java:437)
	at org.testng.SuiteRunner.runSequentially(SuiteRunner.java:431)
	at org.testng.SuiteRunner.privateRun(SuiteRunner.java:391)
	at org.testng.SuiteRunner.run(SuiteRunner.java:330)
	at org.testng.SuiteRunnerWorker.runSuite(SuiteRunnerWorker.java:52)
	at org.testng.SuiteRunnerWorker.run(SuiteRunnerWorker.java:95)
	at org.testng.TestNG.runSuitesSequentially(TestNG.java:1256)
	at org.testng.TestNG.runSuitesLocally(TestNG.java:1176)
	at org.testng.TestNG.runSuites(TestNG.java:1099)
	at org.testng.TestNG.run(TestNG.java:1067)
	at org.testng.remote.AbstractRemoteTestNG.run(AbstractRemoteTestNG.java:115)
	at org.testng.remote.RemoteTestNG.initAndRun(RemoteTestNG.java:293)
	at org.testng.remote.RemoteTestNG.main(RemoteTestNG.java:91)
</pre></div></td>
<td>0</td>
<td>testngdemo.Example6@242b836</td></tr>
<tr>
<td title='testngdemo.Example6.checkSentItems()'><b>checkSentItems</b><br>Test class: testngdemo.Example6</td>
<td><div><pre>java.lang.Throwable: Method testngdemo.Example6.checkSentItems() on instance testngdemo.Example6@242b836 depends on not successfully finished methods 
[testngdemo.Example6.composeEmail() on instance testngdemo.Example6@242b836]
	at java.base/java.util.ArrayList.forEach(ArrayList.java:1511)
... Removed 18 stack frames</pre></div><a href='#' onClick='toggleBox("stack-trace1797159635", this, "Click to show all stack frames", "Click to hide stack frames")'>Click to show all stack frames</a>
<div class='stack-trace' id='stack-trace1797159635'><pre>java.lang.Throwable: Method testngdemo.Example6.checkSentItems() on instance testngdemo.Example6@242b836 depends on not successfully finished methods 
[testngdemo.Example6.composeEmail() on instance testngdemo.Example6@242b836]
	at org.testng.internal.invokers.TestInvoker.invokeTestMethods(TestInvoker.java:150)
	at org.testng.internal.invokers.TestMethodWorker.invokeTestMethods(TestMethodWorker.java:148)
	at org.testng.internal.invokers.TestMethodWorker.run(TestMethodWorker.java:128)
	at java.base/java.util.ArrayList.forEach(ArrayList.java:1511)
	at org.testng.TestRunner.privateRun(TestRunner.java:829)
	at org.testng.TestRunner.run(TestRunner.java:602)
	at org.testng.SuiteRunner.runTest(SuiteRunner.java:437)
	at org.testng.SuiteRunner.runSequentially(SuiteRunner.java:431)
	at org.testng.SuiteRunner.privateRun(SuiteRunner.java:391)
	at org.testng.SuiteRunner.run(SuiteRunner.java:330)
	at org.testng.SuiteRunnerWorker.runSuite(SuiteRunnerWorker.java:52)
	at org.testng.SuiteRunnerWorker.run(SuiteRunnerWorker.java:95)
	at org.testng.TestNG.runSuitesSequentially(TestNG.java:1256)
	at org.testng.TestNG.runSuitesLocally(TestNG.java:1176)
	at org.testng.TestNG.runSuites(TestNG.java:1099)
	at org.testng.TestNG.run(TestNG.java:1067)
	at org.testng.remote.AbstractRemoteTestNG.run(AbstractRemoteTestNG.java:115)
	at org.testng.remote.RemoteTestNG.initAndRun(RemoteTestNG.java:293)
	at org.testng.remote.RemoteTestNG.main(RemoteTestNG.java:91)
</pre></div></td>
<td>0</td>
<td>testngdemo.Example6@242b836</td></tr>
</table><p>
</body>
</html>